<?xml version="1.0" encoding="UTF-8"?>
<testng-results skipped="0" failed="1" total="2" passed="1">
  <reporter-output>
  </reporter-output>
  <suite name="Functional Test Suite" duration-ms="28704" started-at="2016-07-30T21:36:39Z" finished-at="2016-07-30T21:37:08Z">
    <groups>
    </groups>
    <test name="Valid Login" duration-ms="28651" started-at="2016-07-30T21:36:39Z" finished-at="2016-07-30T21:37:08Z">
      <class name="mq.amazon_frontend.login.FR001_ValidLogin">
        <test-method status="PASS" signature="setup()[pri:0, instance:mq.amazon_frontend.login.FR001_ValidLogin@5a39699c]" name="setup" is-config="true" duration-ms="15" started-at="2016-07-30T17:36:39Z" finished-at="2016-07-30T17:36:39Z">
          <reporter-output>
          </reporter-output>
        </test-method> <!-- setup -->
        <test-method status="PASS" signature="beforeMethod()[pri:0, instance:mq.amazon_frontend.login.FR001_ValidLogin@5a39699c]" name="beforeMethod" is-config="true" duration-ms="11145" started-at="2016-07-30T17:36:39Z" finished-at="2016-07-30T17:36:50Z">
          <reporter-output>
          </reporter-output>
        </test-method> <!-- beforeMethod -->
        <test-method status="PASS" signature="validLoginTest()[pri:0, instance:mq.amazon_frontend.login.FR001_ValidLogin@5a39699c]" name="validLoginTest" duration-ms="3531" started-at="2016-07-30T17:36:50Z" finished-at="2016-07-30T17:36:54Z">
          <reporter-output>
          </reporter-output>
        </test-method> <!-- validLoginTest -->
        <test-method status="PASS" signature="afterMethod()[pri:0, instance:mq.amazon_frontend.login.FR001_ValidLogin@5a39699c]" name="afterMethod" is-config="true" duration-ms="140" started-at="2016-07-30T17:36:54Z" finished-at="2016-07-30T17:36:54Z">
          <reporter-output>
          </reporter-output>
        </test-method> <!-- afterMethod -->
        <test-method status="PASS" signature="beforeMethod()[pri:0, instance:mq.amazon_frontend.login.FR001_ValidLogin@5a39699c]" name="beforeMethod" is-config="true" duration-ms="10497" started-at="2016-07-30T17:36:54Z" finished-at="2016-07-30T17:37:04Z">
          <reporter-output>
          </reporter-output>
        </test-method> <!-- beforeMethod -->
        <test-method status="FAIL" signature="validLoginTest2()[pri:0, instance:mq.amazon_frontend.login.FR001_ValidLogin@5a39699c]" name="validLoginTest2" duration-ms="1925" started-at="2016-07-30T17:37:04Z" finished-at="2016-07-30T17:37:06Z">
          <exception class="org.openqa.selenium.NoSuchElementException">
            <message>
              <![CDATA[Unable to locate element: {"method":"id","selector":"ap_email"}
Command duration or timeout: 1.48 seconds
For documentation on this error, please visit: http://seleniumhq.org/exceptions/no_such_element.html
Build info: version: '2.53.1', revision: 'a36b8b1cd5757287168e54b817830adce9b0158d', time: '2016-06-30 19:26:09'
System info: host: 'MINHAJULs-MBP.home', ip: '192.168.1.10', os.name: 'Mac OS X', os.arch: 'x86_64', os.version: '10.10.5', java.version: '1.8.0_60'
Driver info: org.openqa.selenium.firefox.FirefoxDriver
Capabilities [{applicationCacheEnabled=true, rotatable=false, handlesAlerts=true, databaseEnabled=true, version=40.0.3, platform=MAC, nativeEvents=false, acceptSslCerts=true, webStorageEnabled=true, locationContextEnabled=true, browserName=firefox, takesScreenshot=true, javascriptEnabled=true, cssSelectorsEnabled=true}]
Session ID: 56db6dd8-7cef-d147-bcd6-40105ca37a7e
*** Element info: {Using=id, value=ap_email}]]>
            </message>
            <full-stacktrace>
              <![CDATA[org.openqa.selenium.NoSuchElementException: Unable to locate element: {"method":"id","selector":"ap_email"}
Command duration or timeout: 1.48 seconds
For documentation on this error, please visit: http://seleniumhq.org/exceptions/no_such_element.html
Build info: version: '2.53.1', revision: 'a36b8b1cd5757287168e54b817830adce9b0158d', time: '2016-06-30 19:26:09'
System info: host: 'MINHAJULs-MBP.home', ip: '192.168.1.10', os.name: 'Mac OS X', os.arch: 'x86_64', os.version: '10.10.5', java.version: '1.8.0_60'
Driver info: org.openqa.selenium.firefox.FirefoxDriver
Capabilities [{applicationCacheEnabled=true, rotatable=false, handlesAlerts=true, databaseEnabled=true, version=40.0.3, platform=MAC, nativeEvents=false, acceptSslCerts=true, webStorageEnabled=true, locationContextEnabled=true, browserName=firefox, takesScreenshot=true, javascriptEnabled=true, cssSelectorsEnabled=true}]
Session ID: 56db6dd8-7cef-d147-bcd6-40105ca37a7e
*** Element info: {Using=id, value=ap_email}
	at sun.reflect.NativeConstructorAccessorImpl.newInstance0(Native Method)
	at sun.reflect.NativeConstructorAccessorImpl.newInstance(NativeConstructorAccessorImpl.java:62)
	at sun.reflect.DelegatingConstructorAccessorImpl.newInstance(DelegatingConstructorAccessorImpl.java:45)
	at java.lang.reflect.Constructor.newInstance(Constructor.java:422)
	at org.openqa.selenium.remote.ErrorHandler.createThrowable(ErrorHandler.java:206)
	at org.openqa.selenium.remote.ErrorHandler.throwIfResponseFailed(ErrorHandler.java:158)
	at org.openqa.selenium.remote.RemoteWebDriver.execute(RemoteWebDriver.java:678)
	at org.openqa.selenium.remote.RemoteWebDriver.findElement(RemoteWebDriver.java:363)
	at org.openqa.selenium.remote.RemoteWebDriver.findElementById(RemoteWebDriver.java:413)
	at org.openqa.selenium.By$ById.findElement(By.java:218)
	at org.openqa.selenium.remote.RemoteWebDriver.findElement(RemoteWebDriver.java:355)
	at org.openqa.selenium.support.pagefactory.DefaultElementLocator.findElement(DefaultElementLocator.java:69)
	at org.openqa.selenium.support.pagefactory.internal.LocatingElementHandler.invoke(LocatingElementHandler.java:38)
	at com.sun.proxy.$Proxy8.sendKeys(Unknown Source)
	at mq.amazon_frontend.framework.controller.SignInPageController.enterEmail(SignInPageController.java:18)
	at mq.amazon_frontend.login.FR001_ValidLogin.validLoginTest2(FR001_ValidLogin.java:18)
	at sun.reflect.NativeMethodAccessorImpl.invoke0(Native Method)
	at sun.reflect.NativeMethodAccessorImpl.invoke(NativeMethodAccessorImpl.java:62)
	at sun.reflect.DelegatingMethodAccessorImpl.invoke(DelegatingMethodAccessorImpl.java:43)
	at java.lang.reflect.Method.invoke(Method.java:497)
	at org.testng.internal.MethodInvocationHelper.invokeMethod(MethodInvocationHelper.java:86)
	at org.testng.internal.Invoker.invokeMethod(Invoker.java:643)
	at org.testng.internal.Invoker.invokeTestMethod(Invoker.java:820)
	at org.testng.internal.Invoker.invokeTestMethods(Invoker.java:1128)
	at org.testng.internal.TestMethodWorker.invokeTestMethods(TestMethodWorker.java:129)
	at org.testng.internal.TestMethodWorker.run(TestMethodWorker.java:112)
	at org.testng.TestRunner.privateRun(TestRunner.java:782)
	at org.testng.TestRunner.run(TestRunner.java:632)
	at org.testng.SuiteRunner.runTest(SuiteRunner.java:366)
	at org.testng.SuiteRunner.runSequentially(SuiteRunner.java:361)
	at org.testng.SuiteRunner.privateRun(SuiteRunner.java:319)
	at org.testng.SuiteRunner.run(SuiteRunner.java:268)
	at org.testng.SuiteRunnerWorker.runSuite(SuiteRunnerWorker.java:52)
	at org.testng.SuiteRunnerWorker.run(SuiteRunnerWorker.java:86)
	at org.testng.TestNG.runSuitesSequentially(TestNG.java:1244)
	at org.testng.TestNG.runSuitesLocally(TestNG.java:1169)
	at org.testng.TestNG.run(TestNG.java:1064)
	at org.testng.remote.RemoteTestNG.run(RemoteTestNG.java:113)
	at org.testng.remote.RemoteTestNG.initAndRun(RemoteTestNG.java:206)
	at org.testng.remote.RemoteTestNG.main(RemoteTestNG.java:177)
Caused by: org.openqa.selenium.NoSuchElementException: Unable to locate element: {"method":"id","selector":"ap_email"}
For documentation on this error, please visit: http://seleniumhq.org/exceptions/no_such_element.html
Build info: version: '2.53.1', revision: 'a36b8b1cd5757287168e54b817830adce9b0158d', time: '2016-06-30 19:26:09'
System info: host: 'MINHAJULs-MBP.home', ip: '192.168.1.10', os.name: 'Mac OS X', os.arch: 'x86_64', os.version: '10.10.5', java.version: '1.8.0_60'
Driver info: driver.version: unknown
	at <anonymous class>.FirefoxDriver.prototype.findElementInternal_(file:///var/folders/3g/lqrrqnjd07d75vfwkls979r40000gn/T/anonymous4282259738032481802webdriver-profile/extensions/fxdriver@googlecode.com/components/driver-component.js:10770)
	at <anonymous class>.FirefoxDriver.prototype.findElement(file:///var/folders/3g/lqrrqnjd07d75vfwkls979r40000gn/T/anonymous4282259738032481802webdriver-profile/extensions/fxdriver@googlecode.com/components/driver-component.js:10779)
	at <anonymous class>.DelayedCommand.prototype.executeInternal_/h(file:///var/folders/3g/lqrrqnjd07d75vfwkls979r40000gn/T/anonymous4282259738032481802webdriver-profile/extensions/fxdriver@googlecode.com/components/command-processor.js:12661)
	at <anonymous class>.DelayedCommand.prototype.executeInternal_(file:///var/folders/3g/lqrrqnjd07d75vfwkls979r40000gn/T/anonymous4282259738032481802webdriver-profile/extensions/fxdriver@googlecode.com/components/command-processor.js:12666)
	at <anonymous class>.DelayedCommand.prototype.execute/<(file:///var/folders/3g/lqrrqnjd07d75vfwkls979r40000gn/T/anonymous4282259738032481802webdriver-profile/extensions/fxdriver@googlecode.com/components/command-processor.js:12608)
]]>
            </full-stacktrace>
          </exception> <!-- org.openqa.selenium.NoSuchElementException -->
          <reporter-output>
          </reporter-output>
        </test-method> <!-- validLoginTest2 -->
        <test-method status="PASS" signature="afterMethod()[pri:0, instance:mq.amazon_frontend.login.FR001_ValidLogin@5a39699c]" name="afterMethod" is-config="true" duration-ms="1373" started-at="2016-07-30T17:37:06Z" finished-at="2016-07-30T17:37:08Z">
          <reporter-output>
          </reporter-output>
        </test-method> <!-- afterMethod -->
        <test-method status="PASS" signature="tearDown()[pri:0, instance:mq.amazon_frontend.login.FR001_ValidLogin@5a39699c]" name="tearDown" is-config="true" duration-ms="0" started-at="2016-07-30T17:37:08Z" finished-at="2016-07-30T17:37:08Z">
          <reporter-output>
          </reporter-output>
        </test-method> <!-- tearDown -->
      </class> <!-- mq.amazon_frontend.login.FR001_ValidLogin -->
    </test> <!-- Valid Login -->
    <test name="Regression1" duration-ms="1" started-at="2016-07-30T21:37:08Z" finished-at="2016-07-30T21:37:08Z">
    </test> <!-- Regression1 -->
  </suite> <!-- Functional Test Suite -->
</testng-results>
